d:\code\visualstudio\copyright_tools\copyright_tools\copyright_tools\x64\debug\vc143.pdb
d:\code\visualstudio\copyright_tools\copyright_tools\copyright_tools\x64\debug\vc143.idb
d:\code\visualstudio\copyright_tools\copyright_tools\copyright_tools\x64\debug\copyright_tools.obj
d:\code\visualstudio\copyright_tools\copyright_tools\copyright_tools\x64\debug\main_form.obj
d:\code\visualstudio\copyright_tools\copyright_tools\copyright_tools\x64\debug\about_form.obj
d:\code\visualstudio\copyright_tools\bin\copyright_tools64_d.exe
d:\code\visualstudio\copyright_tools\copyright_tools\copyright_tools\x64\debug\copyright_tools64_d.ilk
d:\code\visualstudio\copyright_tools\build\copyright_tools64_d.exe
d:\code\visualstudio\copyright_tools\build\copyright_tools64_d.pdb
d:\code\visualstudio\copyright_tools\copyright_tools\copyright_tools\x64\debug\copyright_tools.res
d:\code\visualstudio\copyright_tools\copyright_tools\copyright_tools\x64\debug\copyright_tools.ilk
d:\code\visualstudio\copyright_tools\copyright_tools\..\build\copyright_tools64_d.pdb
d:\code\visualstudio\copyright_tools\copyright_tools\copyright_tools\x64\debug\copyright_tools.tlog\cl.command.1.tlog
d:\code\visualstudio\copyright_tools\copyright_tools\copyright_tools\x64\debug\copyright_tools.tlog\cl.read.1.tlog
d:\code\visualstudio\copyright_tools\copyright_tools\copyright_tools\x64\debug\copyright_tools.tlog\cl.write.1.tlog
d:\code\visualstudio\copyright_tools\copyright_tools\copyright_tools\x64\debug\copyright_tools.tlog\link.command.1.tlog
d:\code\visualstudio\copyright_tools\copyright_tools\copyright_tools\x64\debug\copyright_tools.tlog\link.read.1.tlog
d:\code\visualstudio\copyright_tools\copyright_tools\copyright_tools\x64\debug\copyright_tools.tlog\link.write.1.tlog
d:\code\visualstudio\copyright_tools\copyright_tools\copyright_tools\x64\debug\copyright_tools.tlog\rc.command.1.tlog
d:\code\visualstudio\copyright_tools\copyright_tools\copyright_tools\x64\debug\copyright_tools.tlog\rc.read.1.tlog
d:\code\visualstudio\copyright_tools\copyright_tools\copyright_tools\x64\debug\copyright_tools.tlog\rc.write.1.tlog
